<?xml version="1.0" encoding="UTF-8"?>
<!-- Generated by org.testng.reporters.JUnitReportReporter -->
<testsuite hostname="DESKTOP-0D4P7SN" failures="0" tests="5" name="TestNg.DemoLogin" time="124.923" errors="0" timestamp="2024-09-27T23:38:49 IST" skipped="0">
  <testcase classname="TestNg.DemoLogin" name="setup" time="12.953"/>
  <system-out/>
  <testcase classname="TestNg.DemoLogin" name="FullName" time="0.164"/>
  <system-out/>
  <testcase classname="TestNg.DemoLogin" name="EnterEmail" time="0.093"/>
  <system-out/>
  <testcase classname="TestNg.DemoLogin" name="click_On_signup_button" time="111.711"/>
  <system-out/>
  <testcase classname="TestNg.DemoLogin" name="teardown" time="0.002"/>
  <system-out/>
</testsuite> <!-- TestNg.DemoLogin -->
